<?xml version="1.0" encoding="UTF-8"?>
<!-- Generated by org.testng.reporters.JUnitReportReporter -->
<testsuite skipped="0" hostname="VivekLappi" name="SeleniumPackage.NGConcept" tests="1" failures="0" timestamp="2020-04-16T18:00:00 IST" time="0.009" errors="0">
  <testcase name="googleTitleTest" time="0.009" classname="SeleniumPackage.NGConcept"/>
  <system-out/>
</testsuite> <!-- SeleniumPackage.NGConcept -->
